<?xml version="1.0" encoding="UTF-8"?>
<!-- Generated by org.testng.reporters.JUnitReportReporter -->
<testsuite hostname="DESKTOP-MSLUGAF" failures="0" tests="1" name="cucumber.TestNGTestRunner" time="28.354" errors="0" timestamp="2025-01-19T23:02:03 IST" skipped="0">
  <testcase classname="cucumber.TestNGTestRunner" name="runScenario" time="28.354"/>
  <system-out/>
</testsuite> <!-- cucumber.TestNGTestRunner -->
