<?xml version="1.0" encoding="UTF-8"?>
<!-- Generated by org.testng.reporters.JUnitReportReporter -->
<testsuite hostname="DESKTOP-MSLUGAF" failures="0" tests="3" name="RahulShettyAcademy.Test.SubmitOderTest" time="74.985" errors="0" timestamp="2025-01-19T19:04:57 IST" skipped="0">
  <testcase classname="RahulShettyAcademy.Test.SubmitOderTest" name="submitOrder" time="23.352"/>
  <system-out/>
  <testcase classname="RahulShettyAcademy.Test.SubmitOderTest" name="OrderHisteoryTest" time="10.853"/>
  <system-out/>
  <testcase classname="RahulShettyAcademy.Test.SubmitOderTest" name="submitOrder" time="40.780"/>
  <system-out/>
</testsuite> <!-- RahulShettyAcademy.Test.SubmitOderTest -->
