<?xml version="1.0" encoding="UTF-8"?>
<!-- Generated by org.testng.reporters.JUnitReportReporter -->
<testsuite hostname="DESKTOP-MSLUGAF" failures="0" tests="1" name="cucumber.TestNGTestRunner" time="46.243" errors="0" timestamp="2025-01-19T22:58:31 IST" skipped="0">
  <testcase classname="cucumber.TestNGTestRunner" name="runScenario" time="46.243"/>
  <system-out/>
</testsuite> <!-- cucumber.TestNGTestRunner -->
