<?xml version="1.0" encoding="UTF-8"?>
<!-- Generated by org.testng.reporters.JUnitReportReporter -->
<testsuite hostname="DESKTOP-MSLUGAF" failures="0" tests="2" name="RahulShettyAcademy.Test.ErrorValidationTest" time="65.474" errors="0" timestamp="2025-01-25T10:03:58 IST" skipped="0">
  <testcase classname="RahulShettyAcademy.Test.ErrorValidationTest" name="LoginErrorValidation" time="43.923"/>
  <system-out/>
  <testcase classname="RahulShettyAcademy.Test.ErrorValidationTest" name="ProductErrorValidation" time="21.551"/>
  <system-out/>
</testsuite> <!-- RahulShettyAcademy.Test.ErrorValidationTest -->
